* using log directory 'C:/Users/Vega/Documents/Business Analytics/Communication_with_Data/r-package-assessment-dedi0003/covidasean.Rcheck'
* using R version 4.0.2 (2020-06-22)
* using platform: x86_64-w64-mingw32 (64-bit)
* using session charset: ISO8859-1
* using options '--no-manual --as-cran'
* checking for file 'covidasean/DESCRIPTION' ... OK
* this is package 'covidasean' version '0.0.0.9000'
* package encoding: UTF-8
* checking package namespace information ... OK
* checking package dependencies ... OK
* checking if this is a source package ... OK
* checking if there is a namespace ... OK
* checking for executable files ... OK
* checking for hidden files and directories ... OK
* checking for portable file names ... OK
* checking serialization versions ... OK
* checking whether package 'covidasean' can be installed ... OK
* checking installed package size ... OK
* checking package directory ... OK
* checking for future file timestamps ... OK
* checking 'build' directory ... OK
* checking DESCRIPTION meta-information ... OK
* checking top-level files ... OK
* checking for left-over files ... OK
* checking index information ... OK
* checking package subdirectories ... OK
* checking R files for non-ASCII characters ... OK
* checking R files for syntax errors ... OK
* checking whether the package can be loaded ... OK
* checking whether the package can be loaded with stated dependencies ... OK
* checking whether the package can be unloaded cleanly ... OK
* checking whether the namespace can be loaded with stated dependencies ... OK
* checking whether the namespace can be unloaded cleanly ... OK
* checking loading without being on the library search path ... OK
* checking dependencies in R code ... OK
* checking S3 generic/method consistency ... OK
* checking replacement functions ... OK
* checking foreign function calls ... OK
* checking R code for possible problems ... NOTE
left_sidebar: no visible global function definition for 'sidebarPanel'
left_sidebar: no visible global function definition for 'img'
left_sidebar: no visible global function definition for 'textOutput'
left_sidebar: no visible global function definition for 'selectInput'
left_sidebar: no visible global function definition for
  'dateRangeInput'
left_sidebar: no visible binding for global variable 'covid_asean_df'
left_sidebar: no visible global function definition for 'tableOutput'
left_sidebar: no visible global function definition for 'div'
left_sidebar: no visible global function definition for 'h5'
left_sidebar: no visible global function definition for 'icon'
left_sidebar: no visible global function definition for 'actionButton'
main_panel: no visible global function definition for 'mainPanel'
main_panel: no visible global function definition for 'fluidRow'
main_panel: no visible binding for global variable 'tags'
main_panel: no visible global function definition for 'span'
main_panel: no visible global function definition for 'h4'
main_panel: no visible global function definition for 'icon'
main_panel: no visible global function definition for 'br'
main_panel: no visible global function definition for 'strong'
main_panel: no visible global function definition for 'plotlyOutput'
main_panel: no visible global function definition for 'textOutput'
main_panel: no visible global function definition for 'includeCSS'
main_panel: no visible global function definition for 'htmlOutput'
render_case: no visible global function definition for 'renderPlotly'
render_case: no visible global function definition for '%>%'
render_case: no visible binding for global variable 'covid_asean_df'
render_case: no visible global function definition for 'group_by'
render_case: no visible binding for global variable 'country'
render_case: no visible global function definition for 'summarise'
render_case: no visible binding for global variable 'new_cases'
render_case: no visible global function definition for 'plot_ly'
render_case: no visible global function definition for 'config'
Undefined global functions or variables:
  %>% actionButton br config country covid_asean_df dateRangeInput div
  fluidRow group_by h4 h5 htmlOutput icon img includeCSS mainPanel
  new_cases plot_ly plotlyOutput renderPlotly selectInput sidebarPanel
  span strong summarise tableOutput tags textOutput
* checking Rd files ... OK
* checking Rd metadata ... OK
* checking Rd line widths ... OK
* checking Rd cross-references ... OK
* checking for missing documentation entries ... WARNING
Undocumented code objects:
  'covid_asean_df' 'left_sidebar' 'main_panel' 'render_case'
Undocumented data sets:
  'covid_asean_df'
All user-level objects in a package should have documentation entries.
See chapter 'Writing R documentation files' in the 'Writing R
Extensions' manual.
* checking for code/documentation mismatches ... OK
* checking Rd \usage sections ... OK
* checking Rd contents ... OK
* checking for unstated dependencies in examples ... OK
* checking contents of 'data' directory ... OK
* checking data for non-ASCII characters ... OK
* checking data for ASCII and uncompressed saves ... OK
 WARNING
'qpdf' is needed for checks on size reduction of PDFs
* checking installed files from 'inst/doc' ... OK
* checking files in 'vignettes' ... OK
* checking examples ... ERROR
Running examples in 'covidasean-Ex.R' failed
The error most likely occurred in:

> base::assign(".ptime", proc.time(), pos = "CheckExEnv")
> ### Name: launch_app
> ### Title: Launch shiny covid ASEAN app
> ### Aliases: launch_app
> 
> ### ** Examples
> 
> launch_app()
Loading required package: shiny

Attaching package: 'dplyr'

The following objects are masked from 'package:stats':

    filter, lag

The following objects are masked from 'package:base':

    intersect, setdiff, setequal, union


Attaching package: 'plotly'

The following object is masked from 'package:ggplot2':

    last_plot

The following object is masked from 'package:stats':

    filter

The following object is masked from 'package:graphics':

    layout

Error in library(tidyverse) : there is no package called 'tidyverse'
Calls: launch_app ... sourceUTF8 -> eval -> eval -> ..stacktraceon.. -> library
Execution halted
* checking for unstated dependencies in vignettes ... OK
* checking package vignettes in 'inst/doc' ... OK
* checking re-building of vignette outputs ... OK
* checking for non-standard things in the check directory ... OK
* checking for detritus in the temp directory ... OK
* DONE
Status: 1 ERROR, 2 WARNINGs, 1 NOTE
